#
# A fatal error has been detected by the Java Runtime Environment:
#
#  EXCEPTION_ACCESS_VIOLATION (0xc0000005) at pc=0x000001f759906823, pid=6968, tid=15400
#
# JRE version: Java(TM) SE Runtime Environment (16.0.1+9) (build 16.0.1+9-24)
# Java VM: Java HotSpot(TM) 64-Bit Server VM (16.0.1+9-24, mixed mode, sharing, tiered, compressed oops, compressed class ptrs, g1 gc, windows-amd64)
# Problematic frame:
# j  mypackage.ShapeFactory.main([Ljava/lang/String;)V+36 ShapeShifter
#
# No core dump will be written. Minidumps are not enabled by default on client versions of Windows
#
# If you would like to submit a bug report, please visit:
#   https://bugreport.java.com/bugreport/crash.jsp
#

---------------  S U M M A R Y ------------

Command Line: -XX:+ShowCodeDetailsInExceptionMessages -agentlib:jdwp=transport=dt_socket,suspend=y,address=localhost:60991 -javaagent:C:\Users\BLOODTHIRSTY V.3\eclipse\java-2021-09\eclipse\configuration\org.eclipse.osgi\222\0\.cp\lib\javaagent-shaded.jar -Dfile.encoding=Cp1252 --module-path=C:\Users\BLOODTHIRSTY V.3\Documents\Coding\ShapeShifter\src -Djdk.module.main=ShapeShifter ShapeShifter/mypackage.ShapeFactory

Host: AMD Ryzen 7 5800X 8-Core Processor             , 16 cores, 31G,  Windows 10 , 64 bit Build 19041 (10.0.19041.1202)
Time: Sat Oct  9 23:28:05 2021 Eastern Daylight Time elapsed time: 1958.725817 seconds (0d 0h 32m 38s)

---------------  T H R E A D  ---------------

Current thread (0x000001f7521597d0):  JavaThread "main" [_thread_in_Java, id=15400, stack(0x0000008be6e00000,0x0000008be6f00000)]

Stack: [0x0000008be6e00000,0x0000008be6f00000],  sp=0x0000008be6eff620,  free space=1021k
Native frames: (J=compiled Java code, j=interpreted, Vv=VM code, C=native code)
C  0x000001f759906823


siginfo: EXCEPTION_ACCESS_VIOLATION (0xc0000005), reading address 0x000001f77f9a1508


Register to memory mapping:

RIP=0x000001f759906823 is at code_begin+67 in an Interpreter codelet
invokevirtual  182 invokevirtual  [0x000001f7599067e0, 0x000001f759906dc0]  1504 bytes
RAX=0x0 is NULL
RBX=0x00000000000000b6 is an unknown value
RCX=0x000001f77f83d328 is pointing into metadata
RDX=0x000000000002c838 is an unknown value
RSP=0x0000008be6eff620 is pointing into the stack for thread: 0x000001f7521597d0
RBP=0x0000008be6eff678 is pointing into the stack for thread: 0x000001f7521597d0
RSI=0x0 is NULL
RDI=0x0000000000000008 is an unknown value
R8 =0x0000000000000002 is an unknown value
R9 =0x0000000000000002 is an unknown value
R10=0x00007fff907525b0 jvm.dll
R11={method} {0x000001f77f83d2b8} 'main' '([Ljava/lang/String;)V' in 'mypackage/ShapeFactory'
R12=0x0 is NULL
R13=0x000001f77f83d25c is pointing into metadata
R14=0x0000008be6eff6a0 is pointing into the stack for thread: 0x000001f7521597d0
R15=0x000001f7521597d0 is a thread


Registers:
RAX=0x0000000000000000, RBX=0x00000000000000b6, RCX=0x000001f77f83d328, RDX=0x000000000002c838
RSP=0x0000008be6eff620, RBP=0x0000008be6eff678, RSI=0x0000000000000000, RDI=0x0000000000000008
R8 =0x0000000000000002, R9 =0x0000000000000002, R10=0x00007fff907525b0, R11=0x000001f77f83d2b0
R12=0x0000000000000000, R13=0x000001f77f83d25c, R14=0x0000008be6eff6a0, R15=0x000001f7521597d0
RIP=0x000001f759906823, EFLAGS=0x0000000000010212

Top of Stack: (sp=0x0000008be6eff620)
0x0000008be6eff620:   00000006209eaa30 0000000620c15ba8
0x0000008be6eff630:   0000008be6eff630 000001f77f83d25c
0x0000008be6eff640:   0000008be6eff6a0 000001f77f83d328
0x0000008be6eff650:   0000000000000000 00000006209ddb40
0x0000008be6eff660:   000001f77f83d2b0 0000000000000000
0x0000008be6eff670:   0000008be6eff6a0 0000008be6eff880
0x0000008be6eff680:   000001f7598e1010 0000000000000000
0x0000008be6eff690:   00000006209f7038 00000006209df6f0
0x0000008be6eff6a0:   00000006209df6e0 0000000800000010
0x0000008be6eff6b0:   000001f7521597d0 00007fff8ffcdb2e
0x0000008be6eff6c0:   000001f7521597d0 00007fff8ff06112
0x0000008be6eff6d0:   ffffffffffffff01 00007fff8ffb77d9
0x0000008be6eff6e0:   000001f7521597d0 00000008002646f8
0x0000008be6eff6f0:   000001f7521597d0 00007fff8ffb3575
0x0000008be6eff700:   0000000000000000 00007fff8ff06112
0x0000008be6eff710:   000001f7521597d0 00007fff8ffb3968 

Instructions: (pc=0x000001f759906823)
0x000001f759906723:   00 49 8b 8f d0 04 00 00 8b 89 90 00 00 00 48 83
0x000001f759906733:   ec 20 f7 c4 0f 00 00 00 0f 84 1a 00 00 00 48 83
0x000001f759906743:   ec 08 49 ba 50 35 fc 8f ff 7f 00 00 41 ff d2 48
0x000001f759906753:   83 c4 08 e9 0d 00 00 00 49 ba 50 35 fc 8f ff 7f
0x000001f759906763:   00 00 41 ff d2 48 83 c4 20 ff e0 49 81 7f 08 00
0x000001f759906773:   00 00 00 0f 84 05 00 00 00 e9 7f a7 fd ff 4c 8b
0x000001f759906783:   6d c0 4c 8b 75 c8 c3 eb 04 45 88 4d 00 41 0f b6
0x000001f759906793:   5d 03 49 83 c5 03 49 ba b0 d5 74 90 ff 7f 00 00
0x000001f7599067a3:   41 ff 24 da 90 00 00 00 00 00 00 00 00 00 00 00
0x000001f7599067b3:   00 00 00 00 00 00 00 00 00 00 00 00 00 00 06 00
0x000001f7599067c3:   00 00 00 00 00 50 d5 4f 90 ff 7f 00 00 b6 00 00
0x000001f7599067d3:   00 00 00 00 00 00 00 00 00 00 00 00 00 48 83 ec
0x000001f7599067e3:   08 c5 fa 11 04 24 e9 25 00 00 00 48 83 ec 10 c5
0x000001f7599067f3:   fb 11 04 24 e9 17 00 00 00 48 83 ec 10 48 89 04
0x000001f759906803:   24 48 c7 44 24 08 00 00 00 00 e9 01 00 00 00 50
0x000001f759906813:   4c 89 6d c0 41 0f b7 55 01 48 8b 4d d0 c1 e2 02
0x000001f759906823:   8b 5c d1 20 c1 eb 18 81 e3 ff 00 00 00 81 fb b6
0x000001f759906833:   00 00 00 0f 84 86 01 00 00 bb b6 00 00 00 e8 05
0x000001f759906843:   00 00 00 e9 6b 01 00 00 48 8b d3 48 8d 44 24 08
0x000001f759906853:   4c 89 6d c0 49 8b cf c5 f8 77 49 89 af f8 02 00
0x000001f759906863:   00 49 89 87 e8 02 00 00 48 83 ec 20 f7 c4 0f 00
0x000001f759906873:   00 00 0f 84 1a 00 00 00 48 83 ec 08 49 ba b0 95
0x000001f759906883:   fc 8f ff 7f 00 00 41 ff d2 48 83 c4 08 e9 0d 00
0x000001f759906893:   00 00 49 ba b0 95 fc 8f ff 7f 00 00 41 ff d2 48
0x000001f7599068a3:   83 c4 20 49 c7 87 e8 02 00 00 00 00 00 00 49 c7
0x000001f7599068b3:   87 f8 02 00 00 00 00 00 00 49 c7 87 f0 02 00 00
0x000001f7599068c3:   00 00 00 00 49 c7 87 00 03 00 00 00 00 00 00 c5
0x000001f7599068d3:   f8 77 41 8b 8f 24 04 00 00 f7 c1 01 00 00 00 0f
0x000001f7599068e3:   84 49 00 00 00 f7 c1 02 00 00 00 0f 85 3d 00 00
0x000001f7599068f3:   00 48 83 ec 20 f7 c4 0f 00 00 00 0f 84 1a 00 00
0x000001f759906903:   00 48 83 ec 08 49 ba 60 35 fc 8f ff 7f 00 00 41
0x000001f759906913:   ff d2 48 83 c4 08 e9 0d 00 00 00 49 ba 60 35 fc 


Stack slot to memory mapping:
stack at sp + 0 slots: 0x00000006209eaa30 is an oop: mypackage.Circle 
{0x00000006209eaa30} - klass: 'mypackage/Circle'
stack at sp + 1 slots: 0x0000000620c15ba8 is an oop: java.io.PrintStream 
{0x0000000620c15ba8} - klass: 'java/io/PrintStream'
stack at sp + 2 slots: 0x0000008be6eff630 is pointing into the stack for thread: 0x000001f7521597d0
stack at sp + 3 slots: 0x000001f77f83d25c is pointing into metadata
stack at sp + 4 slots: 0x0000008be6eff6a0 is pointing into the stack for thread: 0x000001f7521597d0
stack at sp + 5 slots: 0x000001f77f83d328 is pointing into metadata
stack at sp + 6 slots: 0x0 is NULL
stack at sp + 7 slots: 0x00000006209ddb40 is an oop: java.lang.Class 
{0x00000006209ddb40} - klass: 'java/lang/Class'

invokevirtual  182 invokevirtual  [0x000001f7599067e0, 0x000001f759906dc0]  1504 bytes
[MachCode]
  0x000001f7599067e0: 4883 ec08 | c5fa 1104 | 24e9 2500 | 0000 4883 | ec10 c5fb | 1104 24e9 | 1700 0000 | 4883 ec10 
  0x000001f759906800: 4889 0424 | 48c7 4424 | 0800 0000 | 00e9 0100 | 0000 504c | 896d c041 | 0fb7 5501 | 488b 4dd0 
  0x000001f759906820: c1e2 028b | 5cd1 20c1 | eb18 81e3 | ff00 0000 | 81fb b600 | 0000 0f84 | 8601 0000 | bbb6 0000 
  0x000001f759906840: 00e8 0500 | 0000 e96b | 0100 0048 | 8bd3 488d | 4424 084c | 896d c049 | 8bcf c5f8 | 7749 89af 
  0x000001f759906860: f802 0000 | 4989 87e8 | 0200 0048 | 83ec 20f7 | c40f 0000 | 000f 841a | 0000 0048 | 83ec 0849 
  0x000001f759906880: bab0 95fc | 8fff 7f00 | 0041 ffd2 | 4883 c408 | e90d 0000 | 0049 bab0 | 95fc 8fff | 7f00 0041 
  0x000001f7599068a0: ffd2 4883 | c420 49c7 | 87e8 0200 | 0000 0000 | 0049 c787 | f802 0000 | 0000 0000 | 49c7 87f0 
  0x000001f7599068c0: 0200 0000 | 0000 0049 | c787 0003 | 0000 0000 | 0000 c5f8 | 7741 8b8f | 2404 0000 | f7c1 0100 
  0x000001f7599068e0: 0000 0f84 | 4900 0000 | f7c1 0200 | 0000 0f85 | 3d00 0000 | 4883 ec20 | f7c4 0f00 | 0000 0f84 
  0x000001f759906900: 1a00 0000 | 4883 ec08 | 49ba 6035 | fc8f ff7f | 0000 41ff | d248 83c4 | 08e9 0d00 | 0000 49ba 
  0x000001f759906920: 6035 fc8f | ff7f 0000 | 41ff d248 | 83c4 20ff | e049 8b8f | d004 0000 | 4885 c90f | 8459 0000 
  0x000001f759906940: 008b 898c | 0000 0083 | f901 0f85 | 4a00 0000 | 498b 8fd0 | 0400 008b | 8990 0000 | 0048 83ec 
  0x000001f759906960: 20f7 c40f | 0000 000f | 841a 0000 | 0048 83ec | 0849 ba50 | 35fc 8fff | 7f00 0041 | ffd2 4883 
  0x000001f759906980: c408 e90d | 0000 0049 | ba50 35fc | 8fff 7f00 | 0041 ffd2 | 4883 c420 | ffe0 4981 | 7f08 0000 
  0x000001f7599069a0: 0000 0f84 | 0500 0000 | e953 a5fd | ff4c 8b6d | c04c 8b75 | c8c3 410f | b755 0148 | 8b4d d0c1 
  0x000001f7599069c0: e202 488b | 5cd1 308b | 54d1 388b | ca81 e1ff | 0000 0048 | 8b4c ccf8 | 448b eac1 | ea1c 49ba 
  0x000001f7599069e0: c08c 7490 | ff7f 0000 | 498b 14d2 | 5241 8bd5 | 4c8b 6dc0 | 8bc2 81e0 | 0000 1000 | 0f84 9101 
  0x000001f759906a00: 0000 483b | 0148 8b45 | d848 85c0 | 0f84 1200 | 0000 4883 | 4008 0148 | 8358 0800 | 4883 c038 
  0x000001f759906a20: 4889 45d8 | 488b 45d8 | 4885 c00f | 8449 0100 | 0080 78c8 | 0b0f 853f | 0100 0048 | 83c0 084c 
  0x000001f759906a40: 8b68 f841 | 83ed 0041 | 83fd 020f | 8c1e 0100 | 004c 8b6b | 0845 0fb7 | 6d34 4c2b | 2841 83ed 
  0x000001f759906a60: 014e 8b6c | ec08 4d85 | ed75 0a48 | 8148 0801 | 0000 00eb | 5a45 8b6d | 0849 c1e5 | 0349 ba00 
  0x000001f759906a80: 0000 0008 | 0000 004d | 03ea 4c33 | 6808 49f7 | c5fc ffff | ff74 3849 | f7c5 0200 | 0000 752f 
  0x000001f759906aa0: 4881 7808 | 0000 0000 | 7421 4881 | 7808 0100 | 0000 7417 | 4c33 6808 | 49f7 c5fc | ffff ff74 
  0x000001f759906ac0: 0e48 8148 | 0802 0000 | 00eb 044c | 8968 0848 | 83c0 104c | 8b68 e841 | 83ed 0241 | 83fd 020f 
  0x000001f759906ae0: 8c8a 0000 | 004c 8b6b | 0845 0fb7 | 6d34 4c2b | 2841 83ed | 014e 8b6c | ec08 4d85 | ed75 0a48 
  0x000001f759906b00: 8148 0801 | 0000 00eb | 5a45 8b6d | 0849 c1e5 | 0349 ba00 | 0000 0008 | 0000 004d | 03ea 4c33 
  0x000001f759906b20: 6808 49f7 | c5fc ffff | ff74 3849 | f7c5 0200 | 0000 752f | 4881 7808 | 0000 0000 | 7421 4881 
  0x000001f759906b40: 7808 0100 | 0000 7417 | 4c33 6808 | 49f7 c5fc | ffff ff74 | 0e48 8148 | 0802 0000 | 00eb 044c 
  0x000001f759906b60: 8968 0848 | 83c0 104c | 8b68 d841 | 83ed 0441 | c1e5 0349 | 03c5 4889 | 45d8 4c8d | 6c24 084c 
  0x000001f759906b80: 896d f041 | 80bf d804 | 0000 0074 | 03ff 6330 | ff63 488b | 4108 48c1 | e003 49ba | 0000 0000 
  0x000001f759906ba0: 0800 0000 | 4903 c24c | 8b75 d84d | 85f6 0f84 | 9500 0000 | 498b 5618 | 483b d00f | 850f 0000 
  0x000001f759906bc0: 0049 8346 | 2001 4983 | 5e20 00e9 | 7100 0000 | 4885 d20f | 8442 0000 | 0049 8b56 | 2848 3bd0 
  0x000001f759906be0: 0f85 0f00 | 0000 4983 | 4630 0149 | 835e 3000 | e94c 0000 | 0048 85d2 | 740f 4983 | 4608 0149 
  0x000001f759906c00: 835e 0800 | e938 0000 | 0049 8946 | 28ba 0100 | 0000 4989 | 5630 e926 | 0000 0049 | 3b46 280f 
  0x000001f759906c20: 850f 0000 | 0049 8346 | 3001 4983 | 5e30 00e9 | 0d00 0000 | 4989 4618 | ba01 0000 | 0049 8956 
  0x000001f759906c40: 2049 83c6 | 384c 8975 | d848 8b9c | d8c8 0100 | 0048 8b55 | d848 85d2 | 0f84 4901 | 0000 807a 
  0x000001f759906c60: c80b 0f85 | 3f01 0000 | 4883 c208 | 4c8b 6af8 | 4183 ed00 | 4183 fd02 | 0f8c 1e01 | 0000 4c8b 
  0x000001f759906c80: 6b08 450f | b76d 344c | 2b2a 4183 | ed01 4e8b | 6cec 084d | 85ed 750a | 4881 4a08 | 0100 0000 
  0x000001f759906ca0: eb5a 458b | 6d08 49c1 | e503 49ba | 0000 0000 | 0800 0000 | 4d03 ea4c | 336a 0849 | f7c5 fcff 
  0x000001f759906cc0: ffff 7438 | 49f7 c502 | 0000 0075 | 2f48 817a | 0800 0000 | 0074 2148 | 817a 0801 | 0000 0074 
  0x000001f759906ce0: 174c 336a | 0849 f7c5 | fcff ffff | 740e 4881 | 4a08 0200 | 0000 eb04 | 4c89 6a08 | 4883 c210 
  0x000001f759906d00: 4c8b 6ae8 | 4183 ed02 | 4183 fd02 | 0f8c 8a00 | 0000 4c8b | 6b08 450f | b76d 344c | 2b2a 4183 
  0x000001f759906d20: ed01 4e8b | 6cec 084d | 85ed 750a | 4881 4a08 | 0100 0000 | eb5a 458b | 6d08 49c1 | e503 49ba 
  0x000001f759906d40: 0000 0000 | 0800 0000 | 4d03 ea4c | 336a 0849 | f7c5 fcff | ffff 7438 | 49f7 c502 | 0000 0075 
  0x000001f759906d60: 2f48 817a | 0800 0000 | 0074 2148 | 817a 0801 | 0000 0074 | 174c 336a | 0849 f7c5 | fcff ffff 
  0x000001f759906d80: 740e 4881 | 4a08 0200 | 0000 eb04 | 4c89 6a08 | 4883 c210 | 4c8b 6ad8 | 4183 ed04 | 41c1 e503 
  0x000001f759906da0: 4903 d548 | 8955 d84c | 8d6c 2408 | 4c89 6df0 | 4180 bfd8 | 0400 0000 | 7403 ff63 | 30ff 6348 
[/MachCode]

---------------  P R O C E S S  ---------------

Threads class SMR info:
_java_thread_list=0x000001f77ff24eb0, length=15, elements={
0x000001f7521597d0, 0x000001f77f0a7c40, 0x000001f77f0a8750, 0x000001f77f0bdc00,
0x000001f77f0be610, 0x000001f77fc02090, 0x000001f77fc082c0, 0x000001f77fc0d130,
0x000001f77fc0f6a0, 0x000001f77fc24260, 0x000001f77fd08ea0, 0x000001f77fdcd3a0,
0x000001f77fdce8a0, 0x000001f77fdcede0, 0x000001f77fd08950
}

Java Threads: ( => current thread )
=>0x000001f7521597d0 JavaThread "main" [_thread_in_Java, id=15400, stack(0x0000008be6e00000,0x0000008be6f00000)]
  0x000001f77f0a7c40 JavaThread "Reference Handler" daemon [_thread_blocked, id=10092, stack(0x0000008be7500000,0x0000008be7600000)]
  0x000001f77f0a8750 JavaThread "Finalizer" daemon [_thread_blocked, id=15320, stack(0x0000008be7600000,0x0000008be7700000)]
  0x000001f77f0bdc00 JavaThread "Signal Dispatcher" daemon [_thread_blocked, id=17608, stack(0x0000008be7700000,0x0000008be7800000)]
  0x000001f77f0be610 JavaThread "Attach Listener" daemon [_thread_blocked, id=19808, stack(0x0000008be7800000,0x0000008be7900000)]
  0x000001f77fc02090 JavaThread "Service Thread" daemon [_thread_blocked, id=24184, stack(0x0000008be7900000,0x0000008be7a00000)]
  0x000001f77fc082c0 JavaThread "Monitor Deflation Thread" daemon [_thread_blocked, id=20396, stack(0x0000008be7a00000,0x0000008be7b00000)]
  0x000001f77fc0d130 JavaThread "C2 CompilerThread0" daemon [_thread_blocked, id=10920, stack(0x0000008be7b00000,0x0000008be7c00000)]
  0x000001f77fc0f6a0 JavaThread "C1 CompilerThread0" daemon [_thread_blocked, id=22724, stack(0x0000008be7c00000,0x0000008be7d00000)]
  0x000001f77fc24260 JavaThread "Sweeper thread" daemon [_thread_blocked, id=23548, stack(0x0000008be7d00000,0x0000008be7e00000)]
  0x000001f77fd08ea0 JavaThread "Common-Cleaner" daemon [_thread_blocked, id=24772, stack(0x0000008be7e00000,0x0000008be7f00000)]
  0x000001f77fdcd3a0 JavaThread "JDWP Transport Listener: dt_socket" daemon [_thread_blocked, id=22452, stack(0x0000008be8000000,0x0000008be8100000)]
  0x000001f77fdce8a0 JavaThread "JDWP Event Helper Thread" daemon [_thread_blocked, id=4584, stack(0x0000008be8100000,0x0000008be8200000)]
  0x000001f77fdcede0 JavaThread "JDWP Command Reader" daemon [_thread_in_native, id=19548, stack(0x0000008be8200000,0x0000008be8300000)]
  0x000001f77fd08950 JavaThread "Notification Thread" daemon [_thread_blocked, id=9468, stack(0x0000008be8400000,0x0000008be8500000)]

Other Threads:
  0x000001f77f0a4c40 VMThread "VM Thread" [stack: 0x0000008be7400000,0x0000008be7500000] [id=25220]
  0x000001f77fffe130 WatcherThread [stack: 0x0000008be8500000,0x0000008be8600000] [id=15556]
  0x000001f7521d17f0 GCTaskThread "GC Thread#0" [stack: 0x0000008be6f00000,0x0000008be7000000] [id=1700]
  0x000001f7521e3f70 ConcurrentGCThread "G1 Main Marker" [stack: 0x0000008be7000000,0x0000008be7100000] [id=10612]
  0x000001f7521e4970 ConcurrentGCThread "G1 Conc#0" [stack: 0x0000008be7100000,0x0000008be7200000] [id=13736]
  0x000001f75223da60 ConcurrentGCThread "G1 Refine#0" [stack: 0x0000008be7200000,0x0000008be7300000] [id=18880]
  0x000001f75223e290 ConcurrentGCThread "G1 Service" [stack: 0x0000008be7300000,0x0000008be7400000] [id=16568]

Threads with active compile tasks:

VM state: not at safepoint (normal execution)

VM Mutex/Monitor currently owned by a thread: None

Heap address: 0x0000000601000000, size: 8176 MB, Compressed Oops mode: Zero based, Oop shift amount: 3

CDS archive(s) mapped at: [0x0000000800000000-0x0000000800bb0000-0x0000000800bb0000), size 12255232, SharedBaseAddress: 0x0000000800000000, ArchiveRelocationMode: 0.
Compressed class space mapped at: 0x0000000800c00000-0x0000000840c00000, reserved size: 1073741824
Narrow klass base: 0x0000000800000000, Narrow klass shift: 3, Narrow klass range: 0x100000000

GC Precious Log:
 CPUs: 16 total, 16 available
 Memory: 32694M
 Large Page Support: Disabled
 NUMA Support: Disabled
 Compressed Oops: Enabled (Zero based)
 Heap Region Size: 4M
 Heap Min Capacity: 8M
 Heap Initial Capacity: 512M
 Heap Max Capacity: 8176M
 Pre-touch: Disabled
 Parallel Workers: 13
 Concurrent Workers: 3
 Concurrent Refinement Workers: 13
 Periodic GC: Disabled

Heap:
 garbage-first heap   total 524288K, used 4096K [0x0000000601000000, 0x0000000800000000)
  region size 4096K, 2 young (8192K), 0 survivors (0K)
 Metaspace       used 2954K, committed 3072K, reserved 1056768K
  class space    used 267K, committed 320K, reserved 1048576K

Heap Regions: E=young(eden), S=young(survivor), O=old, HS=humongous(starts), HC=humongous(continues), CS=collection set, F=free, OA=open archive, CA=closed archive, TAMS=top-at-mark-start (previous, next)
|   0|0x0000000601000000, 0x0000000601000000, 0x0000000601400000|  0%| F|  |TAMS 0x0000000601000000, 0x0000000601000000| Untracked 
|   1|0x0000000601400000, 0x0000000601400000, 0x0000000601800000|  0%| F|  |TAMS 0x0000000601400000, 0x0000000601400000| Untracked 
|   2|0x0000000601800000, 0x0000000601800000, 0x0000000601c00000|  0%| F|  |TAMS 0x0000000601800000, 0x0000000601800000| Untracked 
|   3|0x0000000601c00000, 0x0000000601c00000, 0x0000000602000000|  0%| F|  |TAMS 0x0000000601c00000, 0x0000000601c00000| Untracked 
|   4|0x0000000602000000, 0x0000000602000000, 0x0000000602400000|  0%| F|  |TAMS 0x0000000602000000, 0x0000000602000000| Untracked 
|   5|0x0000000602400000, 0x0000000602400000, 0x0000000602800000|  0%| F|  |TAMS 0x0000000602400000, 0x0000000602400000| Untracked 
|   6|0x0000000602800000, 0x0000000602800000, 0x0000000602c00000|  0%| F|  |TAMS 0x0000000602800000, 0x0000000602800000| Untracked 
|   7|0x0000000602c00000, 0x0000000602c00000, 0x0000000603000000|  0%| F|  |TAMS 0x0000000602c00000, 0x0000000602c00000| Untracked 
|   8|0x0000000603000000, 0x0000000603000000, 0x0000000603400000|  0%| F|  |TAMS 0x0000000603000000, 0x0000000603000000| Untracked 
|   9|0x0000000603400000, 0x0000000603400000, 0x0000000603800000|  0%| F|  |TAMS 0x0000000603400000, 0x0000000603400000| Untracked 
|  10|0x0000000603800000, 0x0000000603800000, 0x0000000603c00000|  0%| F|  |TAMS 0x0000000603800000, 0x0000000603800000| Untracked 
|  11|0x0000000603c00000, 0x0000000603c00000, 0x0000000604000000|  0%| F|  |TAMS 0x0000000603c00000, 0x0000000603c00000| Untracked 
|  12|0x0000000604000000, 0x0000000604000000, 0x0000000604400000|  0%| F|  |TAMS 0x0000000604000000, 0x0000000604000000| Untracked 
|  13|0x0000000604400000, 0x0000000604400000, 0x0000000604800000|  0%| F|  |TAMS 0x0000000604400000, 0x0000000604400000| Untracked 
|  14|0x0000000604800000, 0x0000000604800000, 0x0000000604c00000|  0%| F|  |TAMS 0x0000000604800000, 0x0000000604800000| Untracked 
|  15|0x0000000604c00000, 0x0000000604c00000, 0x0000000605000000|  0%| F|  |TAMS 0x0000000604c00000, 0x0000000604c00000| Untracked 
|  16|0x0000000605000000, 0x0000000605000000, 0x0000000605400000|  0%| F|  |TAMS 0x0000000605000000, 0x0000000605000000| Untracked 
|  17|0x0000000605400000, 0x0000000605400000, 0x0000000605800000|  0%| F|  |TAMS 0x0000000605400000, 0x0000000605400000| Untracked 
|  18|0x0000000605800000, 0x0000000605800000, 0x0000000605c00000|  0%| F|  |TAMS 0x0000000605800000, 0x0000000605800000| Untracked 
|  19|0x0000000605c00000, 0x0000000605c00000, 0x0000000606000000|  0%| F|  |TAMS 0x0000000605c00000, 0x0000000605c00000| Untracked 
|  20|0x0000000606000000, 0x0000000606000000, 0x0000000606400000|  0%| F|  |TAMS 0x0000000606000000, 0x0000000606000000| Untracked 
|  21|0x0000000606400000, 0x0000000606400000, 0x0000000606800000|  0%| F|  |TAMS 0x0000000606400000, 0x0000000606400000| Untracked 
|  22|0x0000000606800000, 0x0000000606800000, 0x0000000606c00000|  0%| F|  |TAMS 0x0000000606800000, 0x0000000606800000| Untracked 
|  23|0x0000000606c00000, 0x0000000606c00000, 0x0000000607000000|  0%| F|  |TAMS 0x0000000606c00000, 0x0000000606c00000| Untracked 
|  24|0x0000000607000000, 0x0000000607000000, 0x0000000607400000|  0%| F|  |TAMS 0x0000000607000000, 0x0000000607000000| Untracked 
|  25|0x0000000607400000, 0x0000000607400000, 0x0000000607800000|  0%| F|  |TAMS 0x0000000607400000, 0x0000000607400000| Untracked 
|  26|0x0000000607800000, 0x0000000607800000, 0x0000000607c00000|  0%| F|  |TAMS 0x0000000607800000, 0x0000000607800000| Untracked 
|  27|0x0000000607c00000, 0x0000000607c00000, 0x0000000608000000|  0%| F|  |TAMS 0x0000000607c00000, 0x0000000607c00000| Untracked 
|  28|0x0000000608000000, 0x0000000608000000, 0x0000000608400000|  0%| F|  |TAMS 0x0000000608000000, 0x0000000608000000| Untracked 
|  29|0x0000000608400000, 0x0000000608400000, 0x0000000608800000|  0%| F|  |TAMS 0x0000000608400000, 0x0000000608400000| Untracked 
|  30|0x0000000608800000, 0x0000000608800000, 0x0000000608c00000|  0%| F|  |TAMS 0x0000000608800000, 0x0000000608800000| Untracked 
|  31|0x0000000608c00000, 0x0000000608c00000, 0x0000000609000000|  0%| F|  |TAMS 0x0000000608c00000, 0x0000000608c00000| Untracked 
|  32|0x0000000609000000, 0x0000000609000000, 0x0000000609400000|  0%| F|  |TAMS 0x0000000609000000, 0x0000000609000000| Untracked 
|  33|0x0000000609400000, 0x0000000609400000, 0x0000000609800000|  0%| F|  |TAMS 0x0000000609400000, 0x0000000609400000| Untracked 
|  34|0x0000000609800000, 0x0000000609800000, 0x0000000609c00000|  0%| F|  |TAMS 0x0000000609800000, 0x0000000609800000| Untracked 
|  35|0x0000000609c00000, 0x0000000609c00000, 0x000000060a000000|  0%| F|  |TAMS 0x0000000609c00000, 0x0000000609c00000| Untracked 
|  36|0x000000060a000000, 0x000000060a000000, 0x000000060a400000|  0%| F|  |TAMS 0x000000060a000000, 0x000000060a000000| Untracked 
|  37|0x000000060a400000, 0x000000060a400000, 0x000000060a800000|  0%| F|  |TAMS 0x000000060a400000, 0x000000060a400000| Untracked 
|  38|0x000000060a800000, 0x000000060a800000, 0x000000060ac00000|  0%| F|  |TAMS 0x000000060a800000, 0x000000060a800000| Untracked 
|  39|0x000000060ac00000, 0x000000060ac00000, 0x000000060b000000|  0%| F|  |TAMS 0x000000060ac00000, 0x000000060ac00000| Untracked 
|  40|0x000000060b000000, 0x000000060b000000, 0x000000060b400000|  0%| F|  |TAMS 0x000000060b000000, 0x000000060b000000| Untracked 
|  41|0x000000060b400000, 0x000000060b400000, 0x000000060b800000|  0%| F|  |TAMS 0x000000060b400000, 0x000000060b400000| Untracked 
|  42|0x000000060b800000, 0x000000060b800000, 0x000000060bc00000|  0%| F|  |TAMS 0x000000060b800000, 0x000000060b800000| Untracked 
|  43|0x000000060bc00000, 0x000000060bc00000, 0x000000060c000000|  0%| F|  |TAMS 0x000000060bc00000, 0x000000060bc00000| Untracked 
|  44|0x000000060c000000, 0x000000060c000000, 0x000000060c400000|  0%| F|  |TAMS 0x000000060c000000, 0x000000060c000000| Untracked 
|  45|0x000000060c400000, 0x000000060c400000, 0x000000060c800000|  0%| F|  |TAMS 0x000000060c400000, 0x000000060c400000| Untracked 
|  46|0x000000060c800000, 0x000000060c800000, 0x000000060cc00000|  0%| F|  |TAMS 0x000000060c800000, 0x000000060c800000| Untracked 
|  47|0x000000060cc00000, 0x000000060cc00000, 0x000000060d000000|  0%| F|  |TAMS 0x000000060cc00000, 0x000000060cc00000| Untracked 
|  48|0x000000060d000000, 0x000000060d000000, 0x000000060d400000|  0%| F|  |TAMS 0x000000060d000000, 0x000000060d000000| Untracked 
|  49|0x000000060d400000, 0x000000060d400000, 0x000000060d800000|  0%| F|  |TAMS 0x000000060d400000, 0x000000060d400000| Untracked 
|  50|0x000000060d800000, 0x000000060d800000, 0x000000060dc00000|  0%| F|  |TAMS 0x000000060d800000, 0x000000060d800000| Untracked 
|  51|0x000000060dc00000, 0x000000060dc00000, 0x000000060e000000|  0%| F|  |TAMS 0x000000060dc00000, 0x000000060dc00000| Untracked 
|  52|0x000000060e000000, 0x000000060e000000, 0x000000060e400000|  0%| F|  |TAMS 0x000000060e000000, 0x000000060e000000| Untracked 
|  53|0x000000060e400000, 0x000000060e400000, 0x000000060e800000|  0%| F|  |TAMS 0x000000060e400000, 0x000000060e400000| Untracked 
|  54|0x000000060e800000, 0x000000060e800000, 0x000000060ec00000|  0%| F|  |TAMS 0x000000060e800000, 0x000000060e800000| Untracked 
|  55|0x000000060ec00000, 0x000000060ec00000, 0x000000060f000000|  0%| F|  |TAMS 0x000000060ec00000, 0x000000060ec00000| Untracked 
|  56|0x000000060f000000, 0x000000060f000000, 0x000000060f400000|  0%| F|  |TAMS 0x000000060f000000, 0x000000060f000000| Untracked 
|  57|0x000000060f400000, 0x000000060f400000, 0x000000060f800000|  0%| F|  |TAMS 0x000000060f400000, 0x000000060f400000| Untracked 
|  58|0x000000060f800000, 0x000000060f800000, 0x000000060fc00000|  0%| F|  |TAMS 0x000000060f800000, 0x000000060f800000| Untracked 
|  59|0x000000060fc00000, 0x000000060fc00000, 0x0000000610000000|  0%| F|  |TAMS 0x000000060fc00000, 0x000000060fc00000| Untracked 
|  60|0x0000000610000000, 0x0000000610000000, 0x0000000610400000|  0%| F|  |TAMS 0x0000000610000000, 0x0000000610000000| Untracked 
|  61|0x0000000610400000, 0x0000000610400000, 0x0000000610800000|  0%| F|  |TAMS 0x0000000610400000, 0x0000000610400000| Untracked 
|  62|0x0000000610800000, 0x0000000610800000, 0x0000000610c00000|  0%| F|  |TAMS 0x0000000610800000, 0x0000000610800000| Untracked 
|  63|0x0000000610c00000, 0x0000000610c00000, 0x0000000611000000|  0%| F|  |TAMS 0x0000000610c00000, 0x0000000610c00000| Untracked 
|  64|0x0000000611000000, 0x0000000611000000, 0x0000000611400000|  0%| F|  |TAMS 0x0000000611000000, 0x0000000611000000| Untracked 
|  65|0x0000000611400000, 0x0000000611400000, 0x0000000611800000|  0%| F|  |TAMS 0x0000000611400000, 0x0000000611400000| Untracked 
|  66|0x0000000611800000, 0x0000000611800000, 0x0000000611c00000|  0%| F|  |TAMS 0x0000000611800000, 0x0000000611800000| Untracked 
|  67|0x0000000611c00000, 0x0000000611c00000, 0x0000000612000000|  0%| F|  |TAMS 0x0000000611c00000, 0x0000000611c00000| Untracked 
|  68|0x0000000612000000, 0x0000000612000000, 0x0000000612400000|  0%| F|  |TAMS 0x0000000612000000, 0x0000000612000000| Untracked 
|  69|0x0000000612400000, 0x0000000612400000, 0x0000000612800000|  0%| F|  |TAMS 0x0000000612400000, 0x0000000612400000| Untracked 
|  70|0x0000000612800000, 0x0000000612800000, 0x0000000612c00000|  0%| F|  |TAMS 0x0000000612800000, 0x0000000612800000| Untracked 
|  71|0x0000000612c00000, 0x0000000612c00000, 0x0000000613000000|  0%| F|  |TAMS 0x0000000612c00000, 0x0000000612c00000| Untracked 
|  72|0x0000000613000000, 0x0000000613000000, 0x0000000613400000|  0%| F|  |TAMS 0x0000000613000000, 0x0000000613000000| Untracked 
|  73|0x0000000613400000, 0x0000000613400000, 0x0000000613800000|  0%| F|  |TAMS 0x0000000613400000, 0x0000000613400000| Untracked 
|  74|0x0000000613800000, 0x0000000613800000, 0x0000000613c00000|  0%| F|  |TAMS 0x0000000613800000, 0x0000000613800000| Untracked 
|  75|0x0000000613c00000, 0x0000000613c00000, 0x0000000614000000|  0%| F|  |TAMS 0x0000000613c00000, 0x0000000613c00000| Untracked 
|  76|0x0000000614000000, 0x0000000614000000, 0x0000000614400000|  0%| F|  |TAMS 0x0000000614000000, 0x0000000614000000| Untracked 
|  77|0x0000000614400000, 0x0000000614400000, 0x0000000614800000|  0%| F|  |TAMS 0x0000000614400000, 0x0000000614400000| Untracked 
|  78|0x0000000614800000, 0x0000000614800000, 0x0000000614c00000|  0%| F|  |TAMS 0x0000000614800000, 0x0000000614800000| Untracked 
|  79|0x0000000614c00000, 0x0000000614c00000, 0x0000000615000000|  0%| F|  |TAMS 0x0000000614c00000, 0x0000000614c00000| Untracked 
|  80|0x0000000615000000, 0x0000000615000000, 0x0000000615400000|  0%| F|  |TAMS 0x0000000615000000, 0x0000000615000000| Untracked 
|  81|0x0000000615400000, 0x0000000615400000, 0x0000000615800000|  0%| F|  |TAMS 0x0000000615400000, 0x0000000615400000| Untracked 
|  82|0x0000000615800000, 0x0000000615800000, 0x0000000615c00000|  0%| F|  |TAMS 0x0000000615800000, 0x0000000615800000| Untracked 
|  83|0x0000000615c00000, 0x0000000615c00000, 0x0000000616000000|  0%| F|  |TAMS 0x0000000615c00000, 0x0000000615c00000| Untracked 
|  84|0x0000000616000000, 0x0000000616000000, 0x0000000616400000|  0%| F|  |TAMS 0x0000000616000000, 0x0000000616000000| Untracked 
|  85|0x0000000616400000, 0x0000000616400000, 0x0000000616800000|  0%| F|  |TAMS 0x0000000616400000, 0x0000000616400000| Untracked 
|  86|0x0000000616800000, 0x0000000616800000, 0x0000000616c00000|  0%| F|  |TAMS 0x0000000616800000, 0x0000000616800000| Untracked 
|  87|0x0000000616c00000, 0x0000000616c00000, 0x0000000617000000|  0%| F|  |TAMS 0x0000000616c00000, 0x0000000616c00000| Untracked 
|  88|0x0000000617000000, 0x0000000617000000, 0x0000000617400000|  0%| F|  |TAMS 0x0000000617000000, 0x0000000617000000| Untracked 
|  89|0x0000000617400000, 0x0000000617400000, 0x0000000617800000|  0%| F|  |TAMS 0x0000000617400000, 0x0000000617400000| Untracked 
|  90|0x0000000617800000, 0x0000000617800000, 0x0000000617c00000|  0%| F|  |TAMS 0x0000000617800000, 0x0000000617800000| Untracked 
|  91|0x0000000617c00000, 0x0000000617c00000, 0x0000000618000000|  0%| F|  |TAMS 0x0000000617c00000, 0x0000000617c00000| Untracked 
|  92|0x0000000618000000, 0x0000000618000000, 0x0000000618400000|  0%| F|  |TAMS 0x0000000618000000, 0x0000000618000000| Untracked 
|  93|0x0000000618400000, 0x0000000618400000, 0x0000000618800000|  0%| F|  |TAMS 0x0000000618400000, 0x0000000618400000| Untracked 
|  94|0x0000000618800000, 0x0000000618800000, 0x0000000618c00000|  0%| F|  |TAMS 0x0000000618800000, 0x0000000618800000| Untracked 
|  95|0x0000000618c00000, 0x0000000618c00000, 0x0000000619000000|  0%| F|  |TAMS 0x0000000618c00000, 0x0000000618c00000| Untracked 
|  96|0x0000000619000000, 0x0000000619000000, 0x0000000619400000|  0%| F|  |TAMS 0x0000000619000000, 0x0000000619000000| Untracked 
|  97|0x0000000619400000, 0x0000000619400000, 0x0000000619800000|  0%| F|  |TAMS 0x0000000619400000, 0x0000000619400000| Untracked 
|  98|0x0000000619800000, 0x0000000619800000, 0x0000000619c00000|  0%| F|  |TAMS 0x0000000619800000, 0x0000000619800000| Untracked 
|  99|0x0000000619c00000, 0x0000000619c00000, 0x000000061a000000|  0%| F|  |TAMS 0x0000000619c00000, 0x0000000619c00000| Untracked 
| 100|0x000000061a000000, 0x000000061a000000, 0x000000061a400000|  0%| F|  |TAMS 0x000000061a000000, 0x000000061a000000| Untracked 
| 101|0x000000061a400000, 0x000000061a400000, 0x000000061a800000|  0%| F|  |TAMS 0x000000061a400000, 0x000000061a400000| Untracked 
| 102|0x000000061a800000, 0x000000061a800000, 0x000000061ac00000|  0%| F|  |TAMS 0x000000061a800000, 0x000000061a800000| Untracked 
| 103|0x000000061ac00000, 0x000000061ac00000, 0x000000061b000000|  0%| F|  |TAMS 0x000000061ac00000, 0x000000061ac00000| Untracked 
| 104|0x000000061b000000, 0x000000061b000000, 0x000000061b400000|  0%| F|  |TAMS 0x000000061b000000, 0x000000061b000000| Untracked 
| 105|0x000000061b400000, 0x000000061b400000, 0x000000061b800000|  0%| F|  |TAMS 0x000000061b400000, 0x000000061b400000| Untracked 
| 106|0x000000061b800000, 0x000000061b800000, 0x000000061bc00000|  0%| F|  |TAMS 0x000000061b800000, 0x000000061b800000| Untracked 
| 107|0x000000061bc00000, 0x000000061bc00000, 0x000000061c000000|  0%| F|  |TAMS 0x000000061bc00000, 0x000000061bc00000| Untracked 
| 108|0x000000061c000000, 0x000000061c000000, 0x000000061c400000|  0%| F|  |TAMS 0x000000061c000000, 0x000000061c000000| Untracked 
| 109|0x000000061c400000, 0x000000061c400000, 0x000000061c800000|  0%| F|  |TAMS 0x000000061c400000, 0x000000061c400000| Untracked 
| 110|0x000000061c800000, 0x000000061c800000, 0x000000061cc00000|  0%| F|  |TAMS 0x000000061c800000, 0x000000061c800000| Untracked 
| 111|0x000000061cc00000, 0x000000061cc00000, 0x000000061d000000|  0%| F|  |TAMS 0x000000061cc00000, 0x000000061cc00000| Untracked 
| 112|0x000000061d000000, 0x000000061d000000, 0x000000061d400000|  0%| F|  |TAMS 0x000000061d000000, 0x000000061d000000| Untracked 
| 113|0x000000061d400000, 0x000000061d400000, 0x000000061d800000|  0%| F|  |TAMS 0x000000061d400000, 0x000000061d400000| Untracked 
| 114|0x000000061d800000, 0x000000061d800000, 0x000000061dc00000|  0%| F|  |TAMS 0x000000061d800000, 0x000000061d800000| Untracked 
| 115|0x000000061dc00000, 0x000000061dc00000, 0x000000061e000000|  0%| F|  |TAMS 0x000000061dc00000, 0x000000061dc00000| Untracked 
| 116|0x000000061e000000, 0x000000061e000000, 0x000000061e400000|  0%| F|  |TAMS 0x000000061e000000, 0x000000061e000000| Untracked 
| 117|0x000000061e400000, 0x000000061e400000, 0x000000061e800000|  0%| F|  |TAMS 0x000000061e400000, 0x000000061e400000| Untracked 
| 118|0x000000061e800000, 0x000000061e800000, 0x000000061ec00000|  0%| F|  |TAMS 0x000000061e800000, 0x000000061e800000| Untracked 
| 119|0x000000061ec00000, 0x000000061ec00000, 0x000000061f000000|  0%| F|  |TAMS 0x000000061ec00000, 0x000000061ec00000| Untracked 
| 120|0x000000061f000000, 0x000000061f000000, 0x000000061f400000|  0%| F|  |TAMS 0x000000061f000000, 0x000000061f000000| Untracked 
| 121|0x000000061f400000, 0x000000061f400000, 0x000000061f800000|  0%| F|  |TAMS 0x000000061f400000, 0x000000061f400000| Untracked 
| 122|0x000000061f800000, 0x000000061f800000, 0x000000061fc00000|  0%| F|  |TAMS 0x000000061f800000, 0x000000061f800000| Untracked 
| 123|0x000000061fc00000, 0x000000061fc00000, 0x0000000620000000|  0%| F|  |TAMS 0x000000061fc00000, 0x000000061fc00000| Untracked 
| 124|0x0000000620000000, 0x0000000620000000, 0x0000000620400000|  0%| F|  |TAMS 0x0000000620000000, 0x0000000620000000| Untracked 
| 125|0x0000000620400000, 0x0000000620400000, 0x0000000620800000|  0%| F|  |TAMS 0x0000000620400000, 0x0000000620400000| Untracked 
| 126|0x0000000620800000, 0x0000000620a79038, 0x0000000620c00000| 61%| E|  |TAMS 0x0000000620800000, 0x0000000620800000| Complete 
| 127|0x0000000620c00000, 0x0000000621000000, 0x0000000621000000|100%| E|CS|TAMS 0x0000000620c00000, 0x0000000620c00000| Complete 

Card table byte_map: [0x000001f76a160000,0x000001f76b160000] _byte_map_base: 0x000001f767158000

Marking Bits (Prev, Next): (CMBitMap*) 0x000001f7521d2e00, (CMBitMap*) 0x000001f7521d2e40
 Prev Bits: [0x000001f76c160000, 0x000001f774120000)
 Next Bits: [0x000001f774120000, 0x000001f77c0e0000)

Polling page: 0x000001f7500d0000

Metaspace:

Usage:
  Non-class:      2.62 MB used.
      Class:    267.62 KB used.
       Both:      2.89 MB used.

Virtual space:
  Non-class space:        8.00 MB reserved,       2.69 MB ( 34%) committed,  1 nodes.
      Class space:        1.00 GB reserved,     320.00 KB ( <1%) committed,  1 nodes.
              Both:        1.01 GB reserved,       3.00 MB ( <1%) committed. 

Chunk freelists:
   Non-Class:  3.70 MB
       Class:  3.72 MB
        Both:  7.42 MB

MaxMetaspaceSize: 17179869184.00 GB
CompressedClassSpaceSize: 1.00 GB
 - commit_granule_bytes: 65536.
 - commit_granule_words: 8192.
 - virtual_space_node_default_size: 1048576.
 - enlarge_chunks_in_place: 1.
 - new_chunks_are_fully_committed: 0.
 - uncommit_free_chunks: 1.
 - use_allocation_guard: 0.
 - handle_deallocations: 1.


Internal statistics:

num_allocs_failed_limit: 0.
num_arena_births: 14.
num_arena_deaths: 0.
num_vsnodes_births: 2.
num_vsnodes_deaths: 0.
num_space_committed: 48.
num_space_uncommitted: 0.
num_chunks_returned_to_freelist: 0.
num_chunks_taken_from_freelist: 36.
num_chunk_merges: 0.
num_chunk_splits: 21.
num_chunks_enlarged: 15.
num_purges: 0.

CodeHeap 'non-profiled nmethods': size=119168Kb used=135Kb max_used=135Kb free=119032Kb
 bounds [0x000001f761480000, 0x000001f7616f0000, 0x000001f7688e0000]
CodeHeap 'profiled nmethods': size=119104Kb used=632Kb max_used=632Kb free=118471Kb
 bounds [0x000001f75a030000, 0x000001f75a2a0000, 0x000001f761480000]
CodeHeap 'non-nmethods': size=7488Kb used=1215Kb max_used=1811Kb free=6272Kb
 bounds [0x000001f7598e0000, 0x000001f759b50000, 0x000001f75a030000]
 total_blobs=862 nmethods=436 adapters=339
 compilation: enabled
              stopped_count=0, restarted_count=0
 full_count=0

Compilation events (20 events):
Event: 1597.897 Thread 0x000001f77fc0f6a0 nmethod 444 0x000001f75a0cd190 code [0x000001f75a0cd380, 0x000001f75a0cd6b8]
Event: 1597.897 Thread 0x000001f77fc0f6a0  445       3       org.eclipse.jdt.launching.internal.org.objectweb.asm.SymbolTable::hash (15 bytes)
Event: 1597.899 Thread 0x000001f77fc0f6a0 

Event: 1597.899 Thread 0x000001f77fc0f6a0  446       3       org.eclipse.jdt.launching.internal.org.objectweb.asm.SymbolTable$Entry::<init> (18 bytes)
Event: 1597.899 Thread 0x000001f77fc0f6a0 nmethod 446 0x000001f75a0cd910 code [0x000001f75a0cdac0, 0x000001f75a0cdc68]
Event: 1597.905 Thread 0x000001f77fc0d130 

Event: 1693.460 Thread 0x000001f77fc0f6a0  447       3       org.eclipse.jdt.launching.internal.org.objectweb.asm.SymbolTable::addConstantUtf8Reference (20 bytes)
Event: 1693.460 Thread 0x000001f77fc0f6a0 nmethod 447 0x000001f75a0cdd10 code [0x000001f75a0cdee0, 0x000001f75a0ce1a8]
Event: 1693.460 Thread 0x000001f77fc0f6a0  448       3       org.eclipse.jdt.launching.internal.org.objectweb.asm.SymbolTable::addConstantUtf8 (98 bytes)
Event: 1693.462 Thread 0x000001f77fc0f6a0 

Event: 1814.990 Thread 0x000001f77fc0f6a0  449       1       java.net.URL::getProtocol (5 bytes)
Event: 1814.990 Thread 0x000001f77fc0d130  450       4       org.eclipse.jdt.launching.internal.org.objectweb.asm.ClassReader::readUnsignedShort (26 bytes)
Event: 1814.990 Thread 0x000001f77fc0f6a0 nmethod 449 0x000001f7614a1990 code [0x000001f7614a1b20, 0x000001f7614a1bf8]
Event: 1814.992 Thread 0x000001f77fc0d130 

Event: 1926.570 Thread 0x000001f77fc0d130  451       4       org.eclipse.jdt.launching.internal.org.objectweb.asm.ClassReader::readUnsignedShort (26 bytes)
Event: 1926.572 Thread 0x000001f77fc0d130 

Event: 1927.578 Thread 0x000001f77fc0d130  452       4       java.lang.StringUTF16::compress (50 bytes)
Event: 1927.578 Thread 0x000001f77fc0f6a0  453       1       org.eclipse.jdt.launching.internal.org.objectweb.asm.MethodWriter::hasAsmInstructions (5 bytes)
Event: 1927.578 Thread 0x000001f77fc0f6a0 nmethod 453 0x000001f7614a1c90 code [0x000001f7614a1e20, 0x000001f7614a1ef8]
Event: 1927.581 Thread 0x000001f77fc0d130 


GC Heap History (0 events):
No events

Deoptimization events (20 events):
Event: 0.161 Thread 0x000001f7521597d0 DEOPT PACKING pc=0x000001f75a0b02e7 sp=0x0000008be6ef8cf0
Event: 0.161 Thread 0x000001f7521597d0 DEOPT UNPACKING pc=0x000001f75992dece sp=0x0000008be6ef8158 mode 0
Event: 0.161 Thread 0x000001f7521597d0 DEOPT PACKING pc=0x000001f75a0b02e7 sp=0x0000008be6ef8cf0
Event: 0.161 Thread 0x000001f7521597d0 DEOPT UNPACKING pc=0x000001f75992dece sp=0x0000008be6ef8158 mode 0
Event: 0.163 Thread 0x000001f7521597d0 DEOPT PACKING pc=0x000001f75a0b02e7 sp=0x0000008be6efc720
Event: 0.163 Thread 0x000001f7521597d0 DEOPT UNPACKING pc=0x000001f75992dece sp=0x0000008be6efbb88 mode 0
Event: 0.163 Thread 0x000001f7521597d0 DEOPT PACKING pc=0x000001f75a0b02e7 sp=0x0000008be6efc720
Event: 0.163 Thread 0x000001f7521597d0 DEOPT UNPACKING pc=0x000001f75992dece sp=0x0000008be6efbb88 mode 0
Event: 0.163 Thread 0x000001f7521597d0 DEOPT PACKING pc=0x000001f75a0b02e7 sp=0x0000008be6efc720
Event: 0.163 Thread 0x000001f7521597d0 DEOPT UNPACKING pc=0x000001f75992dece sp=0x0000008be6efbb88 mode 0
Event: 0.164 Thread 0x000001f7521597d0 DEOPT PACKING pc=0x000001f75a0b02e7 sp=0x0000008be6ef8c70
Event: 0.164 Thread 0x000001f7521597d0 DEOPT UNPACKING pc=0x000001f75992dece sp=0x0000008be6ef80d8 mode 0
Event: 0.164 Thread 0x000001f7521597d0 DEOPT PACKING pc=0x000001f75a0b02e7 sp=0x0000008be6efc650
Event: 0.164 Thread 0x000001f7521597d0 DEOPT UNPACKING pc=0x000001f75992dece sp=0x0000008be6efbab8 mode 0
Event: 0.167 Thread 0x000001f7521597d0 DEOPT PACKING pc=0x000001f75a0b02e7 sp=0x0000008be6ef88e0
Event: 0.167 Thread 0x000001f7521597d0 DEOPT UNPACKING pc=0x000001f75992dece sp=0x0000008be6ef7d48 mode 0
Event: 0.167 Thread 0x000001f7521597d0 DEOPT PACKING pc=0x000001f75a0b02e7 sp=0x0000008be6ef88e0
Event: 0.167 Thread 0x000001f7521597d0 DEOPT UNPACKING pc=0x000001f75992dece sp=0x0000008be6ef7d48 mode 0
Event: 0.168 Thread 0x000001f7521597d0 DEOPT PACKING pc=0x000001f75a0b02e7 sp=0x0000008be6ef88e0
Event: 0.168 Thread 0x000001f7521597d0 DEOPT UNPACKING pc=0x000001f75992dece sp=0x0000008be6ef7d48 mode 0

Classes unloaded (0 events):
No events

Classes redefined (20 events):
Event: 867.334 Thread 0x000001f77f0a4c40 redefined class name=mypackage.ShapeFactory, count=7
Event: 950.238 Thread 0x000001f77f0a4c40 redefined class name=mypackage.ShapeFactory, count=8
Event: 974.247 Thread 0x000001f77f0a4c40 redefined class name=mypackage.ShapeFactory, count=9
Event: 1096.828 Thread 0x000001f77f0a4c40 redefined class name=mypackage.ShapeFactory, count=10
Event: 1310.693 Thread 0x000001f77f0a4c40 redefined class name=mypackage.ShapeFactory, count=11
Event: 1432.586 Thread 0x000001f77f0a4c40 redefined class name=mypackage.ShapeFactory, count=12
Event: 1460.679 Thread 0x000001f77f0a4c40 redefined class name=mypackage.ShapeFactory, count=13
Event: 1475.243 Thread 0x000001f77f0a4c40 redefined class name=mypackage.ShapeFactory, count=14
Event: 1497.268 Thread 0x000001f77f0a4c40 redefined class name=mypackage.ShapeFactory, count=15
Event: 1520.521 Thread 0x000001f77f0a4c40 redefined class name=mypackage.ShapeFactory, count=16
Event: 1593.372 Thread 0x000001f77f0a4c40 redefined class name=mypackage.ShapeFactory, count=17
Event: 1594.424 Thread 0x000001f77f0a4c40 redefined class name=mypackage.ShapeFactory, count=18
Event: 1597.898 Thread 0x000001f77f0a4c40 redefined class name=mypackage.ShapeFactory, count=19
Event: 1693.461 Thread 0x000001f77f0a4c40 redefined class name=mypackage.ShapeFactory, count=20
Event: 1814.991 Thread 0x000001f77f0a4c40 redefined class name=mypackage.ShapeFactory, count=21
Event: 1875.690 Thread 0x000001f77f0a4c40 redefined class name=mypackage.ShapeFactory, count=22
Event: 1885.843 Thread 0x000001f77f0a4c40 redefined class name=mypackage.ShapeFactory, count=23
Event: 1897.011 Thread 0x000001f77f0a4c40 redefined class name=mypackage.ShapeFactory, count=24
Event: 1926.571 Thread 0x000001f77f0a4c40 redefined class name=mypackage.ShapeFactory, count=25
Event: 1927.578 Thread 0x000001f77f0a4c40 redefined class name=mypackage.ShapeFactory, count=26

Internal exceptions (2 events):
Event: 0.036 Thread 0x000001f7521597d0 Exception <a 'java/lang/NoSuchMethodError'{0x0000000620d22b68}: 'void java.lang.invoke.DirectMethodHandle$Holder.invokeVirtual(java.lang.Object, java.lang.Object)'> (0x0000000620d22b68) 
thrown [t:\workspace\open\src\hotspot\share\interpreter\linkResolver.cpp, line 790]
Event: 0.151 Thread 0x000001f7521597d0 Exception <a 'java/lang/NoSuchMethodError'{0x0000000620900aa8}: 'java.lang.Object java.lang.invoke.DirectMethodHandle$Holder.invokeStatic(java.lang.Object)'> (0x0000000620900aa8) 
thrown [t:\workspace\open\src\hotspot\share\interpreter\linkResolver.cpp, line 790]

Events (20 events):
Event: 1958.707 Executing  VM operation: ChangeSingleStep
Event: 1958.707 Executing  VM operation: ChangeSingleStep done
Event: 1958.708 Executing  VM operation: ChangeSingleStep
Event: 1958.708 Executing  VM operation: ChangeSingleStep done
Event: 1958.708 Executing  VM operation: ChangeSingleStep
Event: 1958.708 Executing  VM operation: ChangeSingleStep done
Event: 1958.708 Executing  VM operation: ChangeSingleStep
Event: 1958.708 Executing  VM operation: ChangeSingleStep done
Event: 1958.709 Executing  VM operation: get/set locals
Event: 1958.709 Executing  VM operation: get/set locals done
Event: 1958.709 Executing  VM operation: get receiver
Event: 1958.709 Executing  VM operation: get receiver done
Event: 1958.709 Executing  VM operation: get receiver
Event: 1958.710 Executing  VM operation: get receiver done
Event: 1958.710 Executing  VM operation: ChangeSingleStep
Event: 1958.710 Executing  VM operation: ChangeSingleStep done
Event: 1958.710 Executing  VM operation: ChangeSingleStep
Event: 1958.710 Executing  VM operation: ChangeSingleStep done
Event: 1958.710 Executing  VM operation: ChangeSingleStep
Event: 1958.710 Executing  VM operation: ChangeSingleStep done


Dynamic libraries:
0x00007ff7d3b50000 - 0x00007ff7d3b60000 	C:\Program Files\Java\jdk-16.0.1\bin\javaw.exe
0x00007fffe7b90000 - 0x00007fffe7d85000 	C:\Windows\SYSTEM32\ntdll.dll
0x00007fffe6c10000 - 0x00007fffe6cce000 	C:\Windows\System32\KERNEL32.DLL
0x00007fffe5760000 - 0x00007fffe5a29000 	C:\Windows\System32\KERNELBASE.dll
0x00007fffe5510000 - 0x00007fffe5610000 	C:\Windows\System32\ucrtbase.dll
0x00007fffdf260000 - 0x00007fffdf279000 	C:\Program Files\Java\jdk-16.0.1\bin\VCRUNTIME140.dll
0x00007fffdf290000 - 0x00007fffdf2a8000 	C:\Program Files\Java\jdk-16.0.1\bin\jli.dll
0x00007fffe7500000 - 0x00007fffe75ac000 	C:\Windows\System32\ADVAPI32.dll
0x00007fffe7390000 - 0x00007fffe742e000 	C:\Windows\System32\msvcrt.dll
0x00007fffe6cd0000 - 0x00007fffe6d6b000 	C:\Windows\System32\sechost.dll
0x00007fffe6640000 - 0x00007fffe676a000 	C:\Windows\System32\RPCRT4.dll
0x00007fffe7910000 - 0x00007fffe7ab1000 	C:\Windows\System32\USER32.dll
0x00007fffe56d0000 - 0x00007fffe56f2000 	C:\Windows\System32\win32u.dll
0x00007fffd2780000 - 0x00007fffd2a1a000 	C:\Windows\WinSxS\amd64_microsoft.windows.common-controls_6595b64144ccf1df_6.0.19041.1110_none_60b5254171f9507e\COMCTL32.dll
0x00007fffe7b20000 - 0x00007fffe7b4b000 	C:\Windows\System32\GDI32.dll
0x00007fffe5ad0000 - 0x00007fffe5bdb000 	C:\Windows\System32\gdi32full.dll
0x00007fffe5a30000 - 0x00007fffe5acd000 	C:\Windows\System32\msvcp_win.dll
0x00007fffde9c0000 - 0x00007fffde9ca000 	C:\Windows\SYSTEM32\VERSION.dll
0x00007fffe6490000 - 0x00007fffe64c0000 	C:\Windows\System32\IMM32.DLL
0x00007fffdf250000 - 0x00007fffdf25c000 	C:\Program Files\Java\jdk-16.0.1\bin\vcruntime140_1.dll
0x00007fffbe650000 - 0x00007fffbe6e1000 	C:\Program Files\Java\jdk-16.0.1\bin\msvcp140.dll
0x00007fff8fc50000 - 0x00007fff907fb000 	C:\Program Files\Java\jdk-16.0.1\bin\server\jvm.dll
0x00007fffe6dd0000 - 0x00007fffe6dd8000 	C:\Windows\System32\PSAPI.DLL
0x00007fffd9510000 - 0x00007fffd9537000 	C:\Windows\SYSTEM32\WINMM.dll
0x00007fffd6750000 - 0x00007fffd6759000 	C:\Windows\SYSTEM32\WSOCK32.dll
0x00007fffe7050000 - 0x00007fffe70bb000 	C:\Windows\System32\WS2_32.dll
0x00007fffe31d0000 - 0x00007fffe31e2000 	C:\Windows\SYSTEM32\kernel.appcore.dll
0x00007fffe0160000 - 0x00007fffe016a000 	C:\Program Files\Java\jdk-16.0.1\bin\jimage.dll
0x00007fffd9320000 - 0x00007fffd9504000 	C:\Windows\SYSTEM32\DBGHELP.DLL
0x00007fffd6700000 - 0x00007fffd672c000 	C:\Windows\SYSTEM32\dbgcore.DLL
0x00007fffe5640000 - 0x00007fffe56c3000 	C:\Windows\System32\bcryptPrimitives.dll
0x00007fffd49b0000 - 0x00007fffd49eb000 	C:\Program Files\Java\jdk-16.0.1\bin\jdwp.dll
0x00007fffe0b50000 - 0x00007fffe0b5e000 	C:\Program Files\Java\jdk-16.0.1\bin\instrument.dll
0x00007fffd5660000 - 0x00007fffd5685000 	C:\Program Files\Java\jdk-16.0.1\bin\java.dll
0x00007fffe5cd0000 - 0x00007fffe640f000 	C:\Windows\System32\SHELL32.dll
0x00007fffe33d0000 - 0x00007fffe3b60000 	C:\Windows\SYSTEM32\windows.storage.dll
0x00007fffe75b0000 - 0x00007fffe7905000 	C:\Windows\System32\combase.dll
0x00007fffe4d00000 - 0x00007fffe4d2c000 	C:\Windows\SYSTEM32\Wldp.dll
0x00007fffe6de0000 - 0x00007fffe6e8e000 	C:\Windows\System32\SHCORE.dll
0x00007fffe6d70000 - 0x00007fffe6dc5000 	C:\Windows\System32\shlwapi.dll
0x00007fffe51f0000 - 0x00007fffe520f000 	C:\Windows\SYSTEM32\profapi.dll
0x00007fffda7d0000 - 0x00007fffda7e9000 	C:\Program Files\Java\jdk-16.0.1\bin\net.dll
0x00007fffdfdc0000 - 0x00007fffdfec8000 	C:\Windows\SYSTEM32\WINHTTP.dll
0x00007fffe4a60000 - 0x00007fffe4aca000 	C:\Windows\system32\mswsock.dll
0x00007fffda6e0000 - 0x00007fffda6f3000 	C:\Program Files\Java\jdk-16.0.1\bin\nio.dll
0x00007fffe06c0000 - 0x00007fffe06cc000 	C:\Program Files\Java\jdk-16.0.1\bin\dt_socket.dll
0x00007fffe4700000 - 0x00007fffe473b000 	C:\Windows\SYSTEM32\IPHLPAPI.DLL
0x00007fffe4750000 - 0x00007fffe481c000 	C:\Windows\SYSTEM32\DNSAPI.dll
0x00007fffe6e90000 - 0x00007fffe6e98000 	C:\Windows\System32\NSI.dll
0x00007fffde410000 - 0x00007fffde41a000 	C:\Windows\System32\rasadhlp.dll
0x00007fffdc110000 - 0x00007fffdc18f000 	C:\Windows\System32\fwpuclnt.dll
0x00007fffe5610000 - 0x00007fffe5637000 	C:\Windows\System32\bcrypt.dll
0x00007fffd5370000 - 0x00007fffd5388000 	C:\Program Files\Java\jdk-16.0.1\bin\zip.dll
0x00007fffdf570000 - 0x00007fffdf580000 	C:\Program Files\Java\jdk-16.0.1\bin\verify.dll

dbghelp: loaded successfully - version: 4.0.5 - missing functions: none
symbol engine: initialized successfully - sym options: 0x614 - pdb path: .;C:\Program Files\Java\jdk-16.0.1\bin;C:\Windows\SYSTEM32;C:\Windows\WinSxS\amd64_microsoft.windows.common-controls_6595b64144ccf1df_6.0.19041.1110_none_60b5254171f9507e;C:\Program Files\Java\jdk-16.0.1\bin\server

VM Arguments:
jvm_args: -XX:+ShowCodeDetailsInExceptionMessages -agentlib:jdwp=transport=dt_socket,suspend=y,address=localhost:60991 -javaagent:C:\Users\BLOODTHIRSTY V.3\eclipse\java-2021-09\eclipse\configuration\org.eclipse.osgi\222\0\.cp\lib\javaagent-shaded.jar -Dfile.encoding=Cp1252 --module-path=C:\Users\BLOODTHIRSTY V.3\Documents\Coding\ShapeShifter\src -Djdk.module.main=ShapeShifter 
java_command: ShapeShifter/mypackage.ShapeFactory
java_class_path (initial): <not set>
Launcher Type: SUN_STANDARD

[Global flags]
     intx CICompilerCount                          = 12                                        {product} {ergonomic}
     uint ConcGCThreads                            = 3                                         {product} {ergonomic}
     uint G1ConcRefinementThreads                  = 13                                        {product} {ergonomic}
   size_t G1HeapRegionSize                         = 4194304                                   {product} {ergonomic}
    uintx GCDrainStackTargetSize                   = 64                                        {product} {ergonomic}
   size_t InitialHeapSize                          = 536870912                                 {product} {ergonomic}
   size_t MarkStackSize                            = 4194304                                   {product} {ergonomic}
   size_t MaxHeapSize                              = 8573157376                                {product} {ergonomic}
   size_t MaxNewSize                               = 5142216704                                {product} {ergonomic}
   size_t MinHeapDeltaBytes                        = 4194304                                   {product} {ergonomic}
   size_t MinHeapSize                              = 8388608                                   {product} {ergonomic}
    uintx NonNMethodCodeHeapSize                   = 7602480                                {pd product} {ergonomic}
    uintx NonProfiledCodeHeapSize                  = 122027880                              {pd product} {ergonomic}
    uintx ProfiledCodeHeapSize                     = 122027880                              {pd product} {ergonomic}
    uintx ReservedCodeCacheSize                    = 251658240                              {pd product} {ergonomic}
     bool SegmentedCodeCache                       = true                                      {product} {ergonomic}
     bool ShowCodeDetailsInExceptionMessages       = true                                   {manageable} {command line}
   size_t SoftMaxHeapSize                          = 8573157376                             {manageable} {ergonomic}
     bool UseCompressedClassPointers               = true                           {product lp64_product} {ergonomic}
     bool UseCompressedOops                        = true                           {product lp64_product} {ergonomic}
     bool UseG1GC                                  = true                                      {product} {ergonomic}
     bool UseLargePagesIndividualAllocation        = false                                  {pd product} {ergonomic}

Logging:
Log output configuration:
 #0: stdout all=warning uptime,level,tags
 #1: stderr all=off uptime,level,tags

Environment Variables:
PATH=C:/Program Files/Java/jdk-16.0.1/bin/server;C:/Program Files/Java/jdk-16.0.1/bin;C:\Program Files\Java\jdk-16\bin;C:\Program Files\Git\cmd;K:\Coding\CMake\bin;K:\Coding;K:\Coding\Scripts;K:\Coding\VS;K:\Coding\VSCache;K:\Coding\VSShared;C:\Program Files\nodejs\;C:\Windows\System32\OpenSSH\;C:\Program Files\PostgreSQL\13\bin;C:\Users\BLOODTHIRSTY V.3\AppData\Local\Microsoft\WindowsApps;C:\Users\BLOODTHIRSTY V.3\AppData\Local\Programs\Microsoft VS Code\bin;C:\Users\BLOODTHIRSTY V.3\AppData\Local\GitHubDesktop\bin;K:\Coding;K:\Coding\Scripts;K:\Coding\VS;K:\Coding\VSCache;K:\Coding\VSShared;C:\Users\BLOODTHIRSTY V.3\AppData\Roaming\npm;C:\Program Files\heroku\bin;C:\Windows\System32;
USERNAME=BLOODTHIRSTY V.3
OS=Windows_NT
PROCESSOR_IDENTIFIER=AMD64 Family 25 Model 33 Stepping 0, AuthenticAMD



---------------  S Y S T E M  ---------------

OS:
 Windows 10 , 64 bit Build 19041 (10.0.19041.1202)
OS uptime: 12 days 7:44 hours

CPU: total 16 (initial active 16) (16 cores per cpu, 2 threads per core) family 25 model 33 stepping 0 microcode 0x0, cx8, cmov, fxsr, ht, mmx, 3dnowpref, sse, sse2, sse3, ssse3, sse4a, sse4.1, sse4.2, popcnt, lzcnt, tsc, tscinvbit, avx, avx2, aes, clmul, bmi1, bmi2, adx, sha, fma, vzeroupper, clflush, clflushopt

Memory: 4k page, system-wide physical 32694M (19235M free)
TotalPageFile size 47030M (AvailPageFile size 22922M)
current process WorkingSet (physical memory assigned to process): 44M, peak: 47M
current process commit charge ("private bytes"): 623M, peak: 628M

vm_info: Java HotSpot(TM) 64-Bit Server VM (16.0.1+9-24) for windows-amd64 JRE (16.0.1+9-24), built on Mar 26 2021 19:31:42 by "mach5one" with MS VC++ 16.7 (VS2019)

END.
